<?xml version="1.0" encoding="UTF-8"?>
<!-- Generated by org.testng.reporters.JUnitXMLReporter -->
<testsuite ignored="4" hostname="LTIN198470" failures="0" tests="15" name="Test" time="35.164" errors="0" timestamp="2024-03-04T10:19:50 IST">
  <testcase classname="testBase.BaseClass" name="@BeforeTest setup" time="32.312">
    <failure type="org.openqa.selenium.NoSuchWindowException" message="no such window: target window already closed
from unknown error: web view not found
  (Session info: chrome=120.0.6099.130)
Build info: version: &amp;apos;4.17.0&amp;apos;, revision: &amp;apos;e52b1be057*&amp;apos;
System info: os.name: &amp;apos;Windows 11&amp;apos;, os.arch: &amp;apos;amd64&amp;apos;, os.version: &amp;apos;10.0&amp;apos;, java.version: &amp;apos;17.0.2&amp;apos;
Driver info: org.openqa.selenium.chrome.ChromeDriver
Command: [23f099b54984057b560d2e7d7a622a57, maximizeCurrentWindow {}]
Capabilities {acceptInsecureCerts: false, browserName: chrome, browserVersion: 120.0.6099.130, chrome: {chromedriverVersion: 120.0.6099.109 (3419140ab66..., userDataDir: C:\Windows\SystemTemp\scope...}, fedcm:accounts: true, goog:chromeOptions: {debuggerAddress: localhost:63162}, networkConnectionEnabled: false, pageLoadStrategy: normal, platformName: windows, proxy: Proxy(), se:cdp: ws://localhost:63162/devtoo..., se:cdpVersion: 120.0.6099.130, setWindowRect: true, strictFileInteractability: false, timeouts: {implicit: 0, pageLoad: 300000, script: 30000}, unhandledPromptBehavior: dismiss and notify, webauthn:extension:credBlob: true, webauthn:extension:largeBlob: true, webauthn:extension:minPinLength: true, webauthn:extension:prf: true, webauthn:virtualAuthenticators: true}
Session ID: 23f099b54984057b560d2e7d7a622a57">
      <![CDATA[org.openqa.selenium.NoSuchWindowException: no such window: target window already closed
from unknown error: web view not found
  (Session info: chrome=120.0.6099.130)
Build info: version: '4.17.0', revision: 'e52b1be057*'
System info: os.name: 'Windows 11', os.arch: 'amd64', os.version: '10.0', java.version: '17.0.2'
Driver info: org.openqa.selenium.chrome.ChromeDriver
Command: [23f099b54984057b560d2e7d7a622a57, maximizeCurrentWindow {}]
Capabilities {acceptInsecureCerts: false, browserName: chrome, browserVersion: 120.0.6099.130, chrome: {chromedriverVersion: 120.0.6099.109 (3419140ab66..., userDataDir: C:\Windows\SystemTemp\scope...}, fedcm:accounts: true, goog:chromeOptions: {debuggerAddress: localhost:63162}, networkConnectionEnabled: false, pageLoadStrategy: normal, platformName: windows, proxy: Proxy(), se:cdp: ws://localhost:63162/devtoo..., se:cdpVersion: 120.0.6099.130, setWindowRect: true, strictFileInteractability: false, timeouts: {implicit: 0, pageLoad: 300000, script: 30000}, unhandledPromptBehavior: dismiss and notify, webauthn:extension:credBlob: true, webauthn:extension:largeBlob: true, webauthn:extension:minPinLength: true, webauthn:extension:prf: true, webauthn:virtualAuthenticators: true}
Session ID: 23f099b54984057b560d2e7d7a622a57
at org.openqa.selenium.remote.codec.w3c.W3CHttpResponseCodec.createException(W3CHttpResponseCodec.java:185)
at org.openqa.selenium.remote.codec.w3c.W3CHttpResponseCodec.decode(W3CHttpResponseCodec.java:134)
at org.openqa.selenium.remote.codec.w3c.W3CHttpResponseCodec.decode(W3CHttpResponseCodec.java:51)
at org.openqa.selenium.remote.HttpCommandExecutor.execute(HttpCommandExecutor.java:190)
at org.openqa.selenium.remote.service.DriverCommandExecutor.invokeExecute(DriverCommandExecutor.java:216)
at org.openqa.selenium.remote.service.DriverCommandExecutor.execute(DriverCommandExecutor.java:174)
at org.openqa.selenium.remote.RemoteWebDriver.execute(RemoteWebDriver.java:519)
at org.openqa.selenium.remote.RemoteWebDriver.execute(RemoteWebDriver.java:592)
at org.openqa.selenium.remote.RemoteWebDriver.execute(RemoteWebDriver.java:596)
at org.openqa.selenium.remote.RemoteWebDriver$RemoteWebDriverOptions$RemoteWindow.maximize(RemoteWebDriver.java:1035)
at testBase.BaseClass.setup(BaseClass.java:91)
... Removed 29 stack frames]]>
    </failure>
  </testcase> <!-- @BeforeTest setup -->
  <testcase classname="testBase.BaseClass" name="@AfterTest teardown" time="-1.709527790675E9">
    <skipped/>
  </testcase> <!-- @AfterTest teardown -->
  <testcase classname="testCases.TC_001_SearchBookshelves" name="search" time="0.0">
    <skipped/>
  </testcase> <!-- search -->
  <testcase classname="testCases.TC_001_SearchBookshelves" name="titleValidation" time="0.0">
    <skipped/>
  </testcase> <!-- titleValidation -->
  <testcase classname="testCases.TC_002_SelectItems" name="selectCategory" time="0.0">
    <skipped/>
  </testcase> <!-- selectCategory -->
  <testcase classname="testCases.TC_002_SelectItems" name="select_price" time="0.0">
    <skipped/>
  </testcase> <!-- select_price -->
  <testcase classname="testCases.TC_002_SelectItems" name="clickStorageButton" time="0.0">
    <skipped/>
  </testcase> <!-- clickStorageButton -->
  <testcase classname="testCases.TC_002_SelectItems" name="select_filter" time="0.0">
    <skipped/>
  </testcase> <!-- select_filter -->
  <testcase classname="testCases.TC_002_SelectItems" name="print_data" time="0.0">
    <skipped/>
  </testcase> <!-- print_data -->
  <testcase classname="testCases.TC_002_SelectItems" name="displayNavBar_items" time="0.0">
    <skipped/>
  </testcase> <!-- displayNavBar_items -->
  <testcase classname="testCases.TC_002_SelectItems" name="printNavBar_items" time="0.0">
    <skipped/>
  </testcase> <!-- printNavBar_items -->
  <testcase classname="testCases.TC_003_GiftCard" name="displayGiftPage" time="0.0">
    <skipped/>
  </testcase> <!-- displayGiftPage -->
  <testcase classname="testCases.TC_003_GiftCard" name="clickBirthday" time="0.0">
    <skipped/>
  </testcase> <!-- clickBirthday -->
  <testcase classname="testCases.TC_003_GiftCard" name="enterAmount_Date" time="0.0">
    <skipped/>
  </testcase> <!-- enterAmount_Date -->
  <testcase classname="testCases.TC_003_GiftCard" name="enterDetails" time="0.0">
    <skipped/>
  </testcase> <!-- enterDetails -->
  <testcase classname="testCases.TC_003_GiftCard" name="mailValidation" time="0.0">
    <skipped/>
  </testcase> <!-- mailValidation -->
  <testcase classname="testCases.TC_003_GiftCard" name="verifyValidEmail" time="0.0">
    <skipped/>
  </testcase> <!-- verifyValidEmail -->
  <testcase classname="testBase.BaseClass" name="@AfterTest teardown" time="0.0">
    <ignored/>
  </testcase> <!-- @AfterTest teardown -->
  <testcase classname="testBase.BaseClass" name="@AfterTest teardown" time="0.0">
    <ignored/>
  </testcase> <!-- @AfterTest teardown -->
  <testcase classname="testBase.BaseClass" name="@BeforeTest setup" time="0.0">
    <ignored/>
  </testcase> <!-- @BeforeTest setup -->
  <testcase classname="testBase.BaseClass" name="@BeforeTest setup" time="0.0">
    <ignored/>
  </testcase> <!-- @BeforeTest setup -->
</testsuite> <!-- Test -->
